[debug] [2021-01-08T09:55:17.929Z] ----------------------------------------------------------------------
[debug] [2021-01-08T09:55:17.931Z] Command:       C:\Program Files\nodejs\node.exe C:\Users\kotul\AppData\Roaming\npm\node_modules\firebase-tools\lib\bin\firebase.js deploy
[debug] [2021-01-08T09:55:17.932Z] CLI Version:   9.1.2
[debug] [2021-01-08T09:55:17.932Z] Platform:      win32
[debug] [2021-01-08T09:55:17.932Z] Node Version:  v15.3.0
[debug] [2021-01-08T09:55:17.933Z] Time:          Fri Jan 08 2021 15:25:17 GMT+0530 (India Standard Time)
[debug] [2021-01-08T09:55:17.933Z] ----------------------------------------------------------------------
[debug] [2021-01-08T09:55:17.933Z] 
[debug] [2021-01-08T09:55:17.939Z] > command requires scopes: ["email","openid","https://www.googleapis.com/auth/cloudplatformprojects.readonly","https://www.googleapis.com/auth/firebase","https://www.googleapis.com/auth/cloud-platform"]
[debug] [2021-01-08T09:55:17.939Z] > authorizing via signed-in user
[debug] [2021-01-08T09:55:17.939Z] [iam] checking project my-store-51d9d for permissions ["firebase.projects.get","firebasehosting.sites.update"]
[debug] [2021-01-08T09:55:17.942Z] > refreshing access token with scopes: ["email","https://www.googleapis.com/auth/cloud-platform","https://www.googleapis.com/auth/cloudplatformprojects.readonly","https://www.googleapis.com/auth/firebase","openid"]
[debug] [2021-01-08T09:55:17.942Z] >>> HTTP REQUEST POST https://www.googleapis.com/oauth2/v3/token  
 <request body omitted>
[debug] [2021-01-08T09:55:18.458Z] <<< HTTP RESPONSE 200 {"date":"Fri, 08 Jan 2021 09:55:15 GMT","cache-control":"no-cache, no-store, max-age=0, must-revalidate","expires":"Mon, 01 Jan 1990 00:00:00 GMT","pragma":"no-cache","content-type":"application/json; charset=utf-8","vary":"X-Origin, Referer, Origin,Accept-Encoding","server":"scaffolding on HTTPServer2","x-xss-protection":"0","x-frame-options":"SAMEORIGIN","x-content-type-options":"nosniff","alt-svc":"h3-29=\":443\"; ma=2592000,h3-T051=\":443\"; ma=2592000,h3-Q050=\":443\"; ma=2592000,h3-Q046=\":443\"; ma=2592000,h3-Q043=\":443\"; ma=2592000,quic=\":443\"; ma=2592000; v=\"46,43\"","accept-ranges":"none","transfer-encoding":"chunked"}
[debug] [2021-01-08T09:55:18.489Z] >>> HTTP REQUEST POST https://cloudresourcemanager.googleapis.com/v1/projects/my-store-51d9d:testIamPermissions  
 {"permissions":["firebase.projects.get","firebasehosting.sites.update"]}
[debug] [2021-01-08T09:55:20.490Z] <<< HTTP RESPONSE 200 {"content-type":"application/json; charset=UTF-8","vary":"X-Origin, Referer, Origin,Accept-Encoding","date":"Fri, 08 Jan 2021 09:55:17 GMT","server":"ESF","cache-control":"private","x-xss-protection":"0","x-frame-options":"SAMEORIGIN","x-content-type-options":"nosniff","server-timing":"gfet4t7; dur=1352","alt-svc":"h3-29=\":443\"; ma=2592000,h3-T051=\":443\"; ma=2592000,h3-Q050=\":443\"; ma=2592000,h3-Q046=\":443\"; ma=2592000,h3-Q043=\":443\"; ma=2592000,quic=\":443\"; ma=2592000; v=\"46,43\"","accept-ranges":"none","transfer-encoding":"chunked"}
[debug] [2021-01-08T09:55:20.493Z] >>> HTTP REQUEST GET https://firebase.googleapis.com/v1beta1/projects/my-store-51d9d  
 
[debug] [2021-01-08T09:55:21.187Z] <<< HTTP RESPONSE 200 {"content-type":"application/json; charset=UTF-8","vary":"X-Origin, Referer, Origin,Accept-Encoding","date":"Fri, 08 Jan 2021 09:55:18 GMT","server":"ESF","cache-control":"private","x-xss-protection":"0","x-frame-options":"SAMEORIGIN","x-content-type-options":"nosniff","alt-svc":"h3-29=\":443\"; ma=2592000,h3-T051=\":443\"; ma=2592000,h3-Q050=\":443\"; ma=2592000,h3-Q046=\":443\"; ma=2592000,h3-Q043=\":443\"; ma=2592000,quic=\":443\"; ma=2592000; v=\"46,43\"","accept-ranges":"none","transfer-encoding":"chunked"}
[info] 
[info] === Deploying to 'my-store-51d9d'...
[info] 
[info] i  deploying hosting 
[debug] [2021-01-08T09:55:21.195Z] >>> HTTP REQUEST POST https://firebasehosting.googleapis.com/v1beta1/sites/my-store-51d9d/versions  
 {"config":{"rewrites":[{"glob":"**","path":"/index.html"}]},"labels":{"deployment-tool":"cli-firebase"}}
[debug] [2021-01-08T09:55:23.689Z] <<< HTTP RESPONSE 200 {"content-type":"application/json; charset=UTF-8","vary":"X-Origin, Referer, Origin,Accept-Encoding","date":"Fri, 08 Jan 2021 09:55:21 GMT","server":"ESF","cache-control":"private","x-xss-protection":"0","x-frame-options":"SAMEORIGIN","x-content-type-options":"nosniff","alt-svc":"h3-29=\":443\"; ma=2592000,h3-T051=\":443\"; ma=2592000,h3-Q050=\":443\"; ma=2592000,h3-Q046=\":443\"; ma=2592000,h3-Q043=\":443\"; ma=2592000,quic=\":443\"; ma=2592000; v=\"46,43\"","accept-ranges":"none","transfer-encoding":"chunked"}
[info] i  hosting[my-store-51d9d]: beginning deploy... 
[info] i  hosting[my-store-51d9d]: found 20 files in build 
[debug] [2021-01-08T09:55:23.712Z] > refreshing access token with scopes: []
[debug] [2021-01-08T09:55:23.713Z] >>> HTTP REQUEST POST https://www.googleapis.com/oauth2/v3/token  
 <request body omitted>
[debug] [2021-01-08T09:55:23.715Z] [hosting] hash cache [YnVpbGQ] stored for 20 files
[debug] [2021-01-08T09:55:23.715Z] [hosting][hash queue][FINAL] {"max":4,"min":1,"avg":1,"active":0,"complete":20,"success":20,"errored":0,"retried":0,"total":20,"elapsed":8}
[debug] [2021-01-08T09:55:24.149Z] <<< HTTP RESPONSE 200 {"cache-control":"no-cache, no-store, max-age=0, must-revalidate","expires":"Mon, 01 Jan 1990 00:00:00 GMT","date":"Fri, 08 Jan 2021 09:55:21 GMT","pragma":"no-cache","content-type":"application/json; charset=utf-8","vary":"X-Origin, Referer, Origin,Accept-Encoding","server":"scaffolding on HTTPServer2","x-xss-protection":"0","x-frame-options":"SAMEORIGIN","x-content-type-options":"nosniff","alt-svc":"h3-29=\":443\"; ma=2592000,h3-T051=\":443\"; ma=2592000,h3-Q050=\":443\"; ma=2592000,h3-Q046=\":443\"; ma=2592000,h3-Q043=\":443\"; ma=2592000,quic=\":443\"; ma=2592000; v=\"46,43\"","accept-ranges":"none","transfer-encoding":"chunked"}
[debug] [2021-01-08T09:55:24.206Z] >>> [apiv2][query] POST https://firebasehosting.googleapis.com/v1beta1/sites/my-store-51d9d/versions/527655d618151192:populateFiles [none]
[debug] [2021-01-08T09:55:24.206Z] >>> [apiv2][body] POST https://firebasehosting.googleapis.com/v1beta1/sites/my-store-51d9d/versions/527655d618151192:populateFiles {"files":{"/asset-manifest.json":"98dd1bee2aa26f4dd82d4d8ed48dcdc4f34ca1a06bd7cea39f0d6b78fa38b97f","/favicon.ico":"5ea07e6453187a366b628c51ee974d4a7cd8711bee629dfaeb20a16eef0ef108","/favicon.png":"d6fecd571003eb3b7192913128af1480cb93d886fafc784a76bbd03b2ae56297","/index.html":"a3dd874785616d9e75a24c3a0bfa303d2c6f9f460543a1a689bcf17fe3abded2","/manifest.json":"aff3449bdc238776f5d6d967f19ec491b36aed5fb7f23ccff6500736fd58494a","/robots.txt":"bfe106a3fb878dc83461c86818bf74fc1bdc7f28538ba613cd3e775516ce8b49","/static/css/2.20aa2d7b.chunk.css":"42d8f8bb7fa2b73c29c1729810b23f28eba4374fe239680558db97037b5b03c4","/static/css/2.20aa2d7b.chunk.css.map":"1bb14b85ccf69792bc488288d89c766a67b4cba877bfd0decfcc86dd45a82351","/static/css/main.b16f52f3.chunk.css":"1441bc59c5e42387bec00b11ab75ccc97bc3fa2079ea9c0912323874ef26129f","/static/css/main.b16f52f3.chunk.css.map":"a158a0f3afa59fcf978aa0af7cba523acf7075197a865777979850d4ad409788","/static/js/2.e2ff238a.chunk.js":"410605b46c20da48c95619024ee09f067a8286550221478a0aef416db3aa05e3","/static/js/2.e2ff238a.chunk.js.LICENSE.txt":"8a08d6c8c0024ba11449cc7f061e67427fd2717f500245b22c56fb9f3b525335","/static/js/2.e2ff238a.chunk.js.map":"8e678fc476184ab010ffa76cbb85a302736f20e5b6846090f7aaffb345bf359f","/static/js/3.c13b4aca.chunk.js":"717c46f3d0ef63643f27126e351d375d32372b0ae20452c1f243786c5c8964cf","/static/js/3.c13b4aca.chunk.js.map":"51900932c4793b7344e32ec388bf85489426a14afafda46f7b84984a443ee26b","/static/js/main.2a1da404.chunk.js":"b5b0d4e6ddc0b65aa5fbb73de42ef99636165c103e1d2644cef1d3f4f484e487","/static/js/main.2a1da404.chunk.js.map":"a1e45cf5e495c7f06931ac1d6c217464c1cd12cd2be0fcba9d4434f52d26eea0","/static/js/runtime-main.b471b392.js":"b6cf0246a293216acf7d681967ee82f81e54f011bc827a0d43dae259c253c3dc","/static/js/runtime-main.b471b392.js.map":"85f8cd9645ed2678ce0d9a345fcea9d415200d88ec15de1b96bbb6fcc83eab0d","/static/media/img8.ee448277.jpg":"e79efaba733f1f1b3fa53d97f38498e7c94006fbed8634d450c0e7483ed69a0e"}}
[debug] [2021-01-08T09:55:26.323Z] <<< [apiv2][status] POST https://firebasehosting.googleapis.com/v1beta1/sites/my-store-51d9d/versions/527655d618151192:populateFiles 200
[debug] [2021-01-08T09:55:26.323Z] <<< [apiv2][body] POST https://firebasehosting.googleapis.com/v1beta1/sites/my-store-51d9d/versions/527655d618151192:populateFiles {"uploadRequiredHashes":["e79efaba733f1f1b3fa53d97f38498e7c94006fbed8634d450c0e7483ed69a0e"],"uploadUrl":"https://upload-firebasehosting.googleapis.com/upload/sites/my-store-51d9d/versions/527655d618151192/files"}
[debug] [2021-01-08T09:55:26.325Z] >>> [apiv2][query] POST https://upload-firebasehosting.googleapis.com/upload/sites/my-store-51d9d/versions/527655d618151192/files/e79efaba733f1f1b3fa53d97f38498e7c94006fbed8634d450c0e7483ed69a0e [none]
[debug] [2021-01-08T09:55:26.326Z] >>> [apiv2][body] POST https://upload-firebasehosting.googleapis.com/upload/sites/my-store-51d9d/versions/527655d618151192/files/e79efaba733f1f1b3fa53d97f38498e7c94006fbed8634d450c0e7483ed69a0e [stream]
[debug] [2021-01-08T09:55:26.328Z] [hosting][populate queue][FINAL] {"max":2614,"min":2614,"avg":2614,"active":0,"complete":1,"success":1,"errored":0,"retried":0,"total":1,"elapsed":2617}
[debug] [2021-01-08T09:55:26.329Z] [hosting] uploads queued: 1
[debug] [2021-01-08T09:55:47.522Z] [uploadQueue] Retrying task e79efaba733f1f1b3fa53d97f38498e7c94006fbed8634d450c0e7483ed69a0e
[debug] [2021-01-08T09:55:47.524Z] >>> [apiv2][query] POST https://upload-firebasehosting.googleapis.com/upload/sites/my-store-51d9d/versions/527655d618151192/files/e79efaba733f1f1b3fa53d97f38498e7c94006fbed8634d450c0e7483ed69a0e [none]
[debug] [2021-01-08T09:55:47.525Z] >>> [apiv2][body] POST https://upload-firebasehosting.googleapis.com/upload/sites/my-store-51d9d/versions/527655d618151192/files/e79efaba733f1f1b3fa53d97f38498e7c94006fbed8634d450c0e7483ed69a0e [stream]
